{
  "uuid": "f9eb92bb3d61457c88418212b90f5cf4",
  "historyId": "Edit a task created in a project",
  "fullName": "Edit a task created in a project",
  "labels": [
    {
      "name": "thread",
      "value": "NonParallelWorker"
    },
    {
      "name": "host",
      "value": "fv-az412-869"
    },
    {
      "name": "feature",
      "value": "Task feature"
    },
    {
      "name": "tag",
      "value": "task"
    },
    {
      "name": "tag",
      "value": "positive"
    },
    {
      "name": "tag",
      "value": "regression"
    }
  ],
  "links": [],
  "name": "Edit a task created in a project",
  "status": "broken",
  "statusDetails": {
    "known": false,
    "muted": false,
    "flaky": false,
    "message": "Unable to locate driver with path: /home/runner/work/todoly_tests/todoly_tests/TestProject1/resources/driver/chromedriver, for more information on how to install drivers see https://www.selenium.dev/documentation/webdriver/getting_started/install_drivers/ -> No process is associated with this object.",
    "trace": "OpenQA.Selenium.WebDriverException: Unable to locate driver with path: /home/runner/work/todoly_tests/todoly_tests/TestProject1/resources/driver/chromedriver, for more information on how to install drivers see https://www.selenium.dev/documentation/webdriver/getting_started/install_drivers/\n ---> System.InvalidOperationException: No process is associated with this object.\n   at System.Diagnostics.Process.EnsureState(State state)\n   at System.Diagnostics.Process.get_HasExited()\n   at System.Diagnostics.Process.EnsureState(State state)\n   at System.Diagnostics.Process.get_ExitCode()\n   at OpenQA.Selenium.SeleniumManager.RunCommand(String fileName, String arguments)\n   at OpenQA.Selenium.SeleniumManager.DriverPath(DriverOptions options)\n   at OpenQA.Selenium.DriverFinder.VerifyDriverServicePath(DriverService service, DriverOptions options)\n   --- End of inner exception stack trace ---\n   at OpenQA.Selenium.DriverFinder.VerifyDriverServicePath(DriverService service, DriverOptions options)\n   at OpenQA.Selenium.Chromium.ChromiumDriver..ctor(ChromiumDriverService service, ChromiumOptions options, TimeSpan commandTimeout)\n   at OpenQA.Selenium.Chrome.ChromeDriver..ctor(ChromeDriverService service, ChromeOptions options, TimeSpan commandTimeout)\n   at OpenQA.Selenium.Chrome.ChromeDriver..ctor(String chromeDriverDirectory, ChromeOptions options, TimeSpan commandTimeout)\n   at OpenQA.Selenium.Chrome.ChromeDriver..ctor(String chromeDriverDirectory, ChromeOptions options)\n   at OpenQA.Selenium.Chrome.ChromeDriver..ctor(String chromeDriverDirectory)\n   at TestProject1.src.code.factoryBrowser.Chrome.Create() in /home/runner/work/todoly_tests/todoly_tests/TestProject1/src/code/factoryBrowser/Chrome.cs:line 17\n   at TestProject1.src.code.session.Session..ctor() in /home/runner/work/todoly_tests/todoly_tests/TestProject1/src/code/session/Session.cs:line 19\n   at TestProject1.src.code.session.Session.Instance() in /home/runner/work/todoly_tests/todoly_tests/TestProject1/src/code/session/Session.cs:line 27\n   at TestProject1.src.Hooks.Hooks.AfterScenario() in /home/runner/work/todoly_tests/todoly_tests/TestProject1/src/Hooks/Hooks.cs:line 40\n   at TechTalk.SpecFlow.Bindings.BindingInvoker.InvokeBinding(IBinding binding, IContextManager contextManager, Object[] arguments, ITestTracer testTracer, TimeSpan& duration)\n   at Allure.SpecFlowPlugin.AllureBindingInvoker.InvokeBinding(IBinding binding, IContextManager contextManager, Object[] arguments, ITestTracer testTracer, TimeSpan& duration)"
  },
  "stage": "finished",
  "steps": [
    {
      "name": "Given  I navigate to the page \"todo.ly\"",
      "status": "skipped",
      "statusDetails": {
        "known": false,
        "muted": false,
        "flaky": false
      },
      "stage": "finished",
      "steps": [],
      "attachments": [],
      "parameters": [],
      "start": 1686359405661,
      "stop": 1686359405661
    },
    {
      "name": "And  I login using my credentials",
      "status": "skipped",
      "statusDetails": {
        "known": false,
        "muted": false,
        "flaky": false
      },
      "stage": "finished",
      "steps": [],
      "attachments": [],
      "parameters": [],
      "start": 1686359405661,
      "stop": 1686359405661
    },
    {
      "name": "When  I click on \"My project edited\" project",
      "status": "skipped",
      "statusDetails": {
        "known": false,
        "muted": false,
        "flaky": false
      },
      "stage": "finished",
      "steps": [],
      "attachments": [],
      "parameters": [],
      "start": 1686359405661,
      "stop": 1686359405661
    },
    {
      "name": "And  I enter the name \"new task\" in task list",
      "status": "skipped",
      "statusDetails": {
        "known": false,
        "muted": false,
        "flaky": false
      },
      "stage": "finished",
      "steps": [],
      "attachments": [],
      "parameters": [],
      "start": 1686359405661,
      "stop": 1686359405661
    },
    {
      "name": "And  I click on \"Add\" task button",
      "status": "skipped",
      "statusDetails": {
        "known": false,
        "muted": false,
        "flaky": false
      },
      "stage": "finished",
      "steps": [],
      "attachments": [],
      "parameters": [],
      "start": 1686359405661,
      "stop": 1686359405661
    },
    {
      "name": "Then  I see the task \"new task\" created",
      "status": "skipped",
      "statusDetails": {
        "known": false,
        "muted": false,
        "flaky": false
      },
      "stage": "finished",
      "steps": [],
      "attachments": [],
      "parameters": [],
      "start": 1686359405661,
      "stop": 1686359405661
    },
    {
      "name": "And  I edit the \"new task\" created",
      "status": "skipped",
      "statusDetails": {
        "known": false,
        "muted": false,
        "flaky": false
      },
      "stage": "finished",
      "steps": [],
      "attachments": [],
      "parameters": [],
      "start": 1686359405661,
      "stop": 1686359405661
    },
    {
      "name": "And  I click on SAVE button",
      "status": "skipped",
      "statusDetails": {
        "known": false,
        "muted": false,
        "flaky": false
      },
      "stage": "finished",
      "steps": [],
      "attachments": [],
      "parameters": [],
      "start": 1686359405662,
      "stop": 1686359405662
    },
    {
      "name": "Then  I see the edited \"task edited\" task name",
      "status": "skipped",
      "statusDetails": {
        "known": false,
        "muted": false,
        "flaky": false
      },
      "stage": "finished",
      "steps": [],
      "attachments": [],
      "parameters": [],
      "start": 1686359405662,
      "stop": 1686359405662
    }
  ],
  "attachments": [],
  "parameters": [],
  "start": 1686359405661,
  "stop": 1686359405662
}