{"uid":"135bc4e34adb7ecb","name":"Create a project in todo.ly","fullName":"Create a project in todo.ly","historyId":"Create a project in todo.ly","time":{"start":1686360511998,"stop":1686360512019,"duration":21},"status":"broken","statusMessage":"Unable to locate driver with path: usr/bin/chromedriver, for more information on how to install drivers see https://www.selenium.dev/documentation/webdriver/getting_started/install_drivers/ -> No process is associated with this object.","statusTrace":"OpenQA.Selenium.WebDriverException: Unable to locate driver with path: usr/bin/chromedriver, for more information on how to install drivers see https://www.selenium.dev/documentation/webdriver/getting_started/install_drivers/\n ---> System.InvalidOperationException: No process is associated with this object.\n   at System.Diagnostics.Process.EnsureState(State state)\n   at System.Diagnostics.Process.get_HasExited()\n   at System.Diagnostics.Process.EnsureState(State state)\n   at System.Diagnostics.Process.get_ExitCode()\n   at OpenQA.Selenium.SeleniumManager.RunCommand(String fileName, String arguments)\n   at OpenQA.Selenium.SeleniumManager.DriverPath(DriverOptions options)\n   at OpenQA.Selenium.DriverFinder.VerifyDriverServicePath(DriverService service, DriverOptions options)\n   --- End of inner exception stack trace ---\n   at OpenQA.Selenium.DriverFinder.VerifyDriverServicePath(DriverService service, DriverOptions options)\n   at OpenQA.Selenium.Chromium.ChromiumDriver..ctor(ChromiumDriverService service, ChromiumOptions options, TimeSpan commandTimeout)\n   at OpenQA.Selenium.Chrome.ChromeDriver..ctor(ChromeDriverService service, ChromeOptions options, TimeSpan commandTimeout)\n   at OpenQA.Selenium.Chrome.ChromeDriver..ctor(String chromeDriverDirectory, ChromeOptions options, TimeSpan commandTimeout)\n   at OpenQA.Selenium.Chrome.ChromeDriver..ctor(String chromeDriverDirectory, ChromeOptions options)\n   at OpenQA.Selenium.Chrome.ChromeDriver..ctor(String chromeDriverDirectory)\n   at TestProject1.src.code.factoryBrowser.Chrome.Create() in /home/runner/work/todoly_tests/todoly_tests/TestProject1/src/code/factoryBrowser/Chrome.cs:line 17\n   at TestProject1.src.code.session.Session..ctor() in /home/runner/work/todoly_tests/todoly_tests/TestProject1/src/code/session/Session.cs:line 19\n   at TestProject1.src.code.session.Session.Instance() in /home/runner/work/todoly_tests/todoly_tests/TestProject1/src/code/session/Session.cs:line 27\n   at TestProject1.src.Hooks.Hooks.AfterScenario() in /home/runner/work/todoly_tests/todoly_tests/TestProject1/src/Hooks/Hooks.cs:line 40\n   at TechTalk.SpecFlow.Bindings.BindingInvoker.InvokeBinding(IBinding binding, IContextManager contextManager, Object[] arguments, ITestTracer testTracer, TimeSpan& duration)\n   at Allure.SpecFlowPlugin.AllureBindingInvoker.InvokeBinding(IBinding binding, IContextManager contextManager, Object[] arguments, ITestTracer testTracer, TimeSpan& duration)","flaky":false,"newFailed":false,"newBroken":false,"newPassed":false,"retriesCount":2,"retriesStatusChange":true,"beforeStages":[{"name":"FirstBeforeScenario [1]","time":{"start":1686360511899,"stop":1686360511992,"duration":93},"status":"broken","steps":[],"attachments":[],"parameters":[],"stepsCount":0,"attachmentsCount":0,"shouldDisplayMessage":false,"hasContent":false}],"testStage":{"status":"broken","statusMessage":"Unable to locate driver with path: usr/bin/chromedriver, for more information on how to install drivers see https://www.selenium.dev/documentation/webdriver/getting_started/install_drivers/ -> No process is associated with this object.","statusTrace":"OpenQA.Selenium.WebDriverException: Unable to locate driver with path: usr/bin/chromedriver, for more information on how to install drivers see https://www.selenium.dev/documentation/webdriver/getting_started/install_drivers/\n ---> System.InvalidOperationException: No process is associated with this object.\n   at System.Diagnostics.Process.EnsureState(State state)\n   at System.Diagnostics.Process.get_HasExited()\n   at System.Diagnostics.Process.EnsureState(State state)\n   at System.Diagnostics.Process.get_ExitCode()\n   at OpenQA.Selenium.SeleniumManager.RunCommand(String fileName, String arguments)\n   at OpenQA.Selenium.SeleniumManager.DriverPath(DriverOptions options)\n   at OpenQA.Selenium.DriverFinder.VerifyDriverServicePath(DriverService service, DriverOptions options)\n   --- End of inner exception stack trace ---\n   at OpenQA.Selenium.DriverFinder.VerifyDriverServicePath(DriverService service, DriverOptions options)\n   at OpenQA.Selenium.Chromium.ChromiumDriver..ctor(ChromiumDriverService service, ChromiumOptions options, TimeSpan commandTimeout)\n   at OpenQA.Selenium.Chrome.ChromeDriver..ctor(ChromeDriverService service, ChromeOptions options, TimeSpan commandTimeout)\n   at OpenQA.Selenium.Chrome.ChromeDriver..ctor(String chromeDriverDirectory, ChromeOptions options, TimeSpan commandTimeout)\n   at OpenQA.Selenium.Chrome.ChromeDriver..ctor(String chromeDriverDirectory, ChromeOptions options)\n   at OpenQA.Selenium.Chrome.ChromeDriver..ctor(String chromeDriverDirectory)\n   at TestProject1.src.code.factoryBrowser.Chrome.Create() in /home/runner/work/todoly_tests/todoly_tests/TestProject1/src/code/factoryBrowser/Chrome.cs:line 17\n   at TestProject1.src.code.session.Session..ctor() in /home/runner/work/todoly_tests/todoly_tests/TestProject1/src/code/session/Session.cs:line 19\n   at TestProject1.src.code.session.Session.Instance() in /home/runner/work/todoly_tests/todoly_tests/TestProject1/src/code/session/Session.cs:line 27\n   at TestProject1.src.Hooks.Hooks.AfterScenario() in /home/runner/work/todoly_tests/todoly_tests/TestProject1/src/Hooks/Hooks.cs:line 40\n   at TechTalk.SpecFlow.Bindings.BindingInvoker.InvokeBinding(IBinding binding, IContextManager contextManager, Object[] arguments, ITestTracer testTracer, TimeSpan& duration)\n   at Allure.SpecFlowPlugin.AllureBindingInvoker.InvokeBinding(IBinding binding, IContextManager contextManager, Object[] arguments, ITestTracer testTracer, TimeSpan& duration)","steps":[{"name":"Given  I navigate to the page \"todo.ly\"","time":{"start":1686360512006,"stop":1686360512012,"duration":6},"status":"skipped","steps":[],"attachments":[],"parameters":[],"stepsCount":0,"attachmentsCount":0,"shouldDisplayMessage":false,"hasContent":false},{"name":"And  I login using my credentials","time":{"start":1686360512014,"stop":1686360512014,"duration":0},"status":"skipped","steps":[],"attachments":[],"parameters":[],"stepsCount":0,"attachmentsCount":0,"shouldDisplayMessage":false,"hasContent":false},{"name":"When  I click on \"Add New Project\" button in Project menu","time":{"start":1686360512014,"stop":1686360512014,"duration":0},"status":"skipped","steps":[],"attachments":[],"parameters":[],"stepsCount":0,"attachmentsCount":0,"shouldDisplayMessage":false,"hasContent":false},{"name":"And  I enter the name \"My project\"","time":{"start":1686360512014,"stop":1686360512014,"duration":0},"status":"skipped","steps":[],"attachments":[],"parameters":[],"stepsCount":0,"attachmentsCount":0,"shouldDisplayMessage":false,"hasContent":false},{"name":"And  I click on \"Add\" button","time":{"start":1686360512014,"stop":1686360512014,"duration":0},"status":"skipped","steps":[],"attachments":[],"parameters":[],"stepsCount":0,"attachmentsCount":0,"shouldDisplayMessage":false,"hasContent":false},{"name":"Then  I see the project \"My project\" in the Projects list","time":{"start":1686360512015,"stop":1686360512015,"duration":0},"status":"skipped","steps":[],"attachments":[],"parameters":[],"stepsCount":0,"attachmentsCount":0,"shouldDisplayMessage":false,"hasContent":false}],"attachments":[],"parameters":[],"stepsCount":6,"attachmentsCount":0,"shouldDisplayMessage":true,"hasContent":true},"afterStages":[{"name":"AfterScenario [10000]","time":{"start":1686360512020,"stop":1686360512021,"duration":1},"status":"broken","steps":[],"attachments":[],"parameters":[],"stepsCount":0,"attachmentsCount":0,"shouldDisplayMessage":false,"hasContent":false}],"labels":[{"name":"thread","value":"NonParallelWorker"},{"name":"host","value":"fv-az162-501"},{"name":"feature","value":"Create a project feature"},{"name":"tag","value":"createProject"},{"name":"resultFormat","value":"allure2"}],"parameters":[],"links":[],"hidden":false,"retry":false,"extra":{"severity":"normal","retries":[{"uid":"18fb5b48c5fd838f","status":"passed","time":{"start":1686356642068,"stop":1686356645468,"duration":3400}},{"uid":"6a1e819f81bfe087","status":"passed","time":{"start":1686277697099,"stop":1686277700040,"duration":2941}}],"categories":[{"name":"Test defects","matchedStatuses":[],"flaky":false}],"tags":["createProject"]},"source":"135bc4e34adb7ecb.json","parameterValues":[]}