{"uid":"56ff09a993a2017a","name":"Delete a task from a project","fullName":"Delete a task from a project","historyId":"Delete a task from a project","time":{"start":1686360512061,"stop":1686360512062,"duration":1},"status":"broken","statusMessage":"Unable to locate driver with path: usr/bin/chromedriver, for more information on how to install drivers see https://www.selenium.dev/documentation/webdriver/getting_started/install_drivers/ -> No process is associated with this object.","statusTrace":"OpenQA.Selenium.WebDriverException: Unable to locate driver with path: usr/bin/chromedriver, for more information on how to install drivers see https://www.selenium.dev/documentation/webdriver/getting_started/install_drivers/\n ---> System.InvalidOperationException: No process is associated with this object.\n   at System.Diagnostics.Process.EnsureState(State state)\n   at System.Diagnostics.Process.get_HasExited()\n   at System.Diagnostics.Process.EnsureState(State state)\n   at System.Diagnostics.Process.get_ExitCode()\n   at OpenQA.Selenium.SeleniumManager.RunCommand(String fileName, String arguments)\n   at OpenQA.Selenium.SeleniumManager.DriverPath(DriverOptions options)\n   at OpenQA.Selenium.DriverFinder.VerifyDriverServicePath(DriverService service, DriverOptions options)\n   --- End of inner exception stack trace ---\n   at OpenQA.Selenium.DriverFinder.VerifyDriverServicePath(DriverService service, DriverOptions options)\n   at OpenQA.Selenium.Chromium.ChromiumDriver..ctor(ChromiumDriverService service, ChromiumOptions options, TimeSpan commandTimeout)\n   at OpenQA.Selenium.Chrome.ChromeDriver..ctor(ChromeDriverService service, ChromeOptions options, TimeSpan commandTimeout)\n   at OpenQA.Selenium.Chrome.ChromeDriver..ctor(String chromeDriverDirectory, ChromeOptions options, TimeSpan commandTimeout)\n   at OpenQA.Selenium.Chrome.ChromeDriver..ctor(String chromeDriverDirectory, ChromeOptions options)\n   at OpenQA.Selenium.Chrome.ChromeDriver..ctor(String chromeDriverDirectory)\n   at TestProject1.src.code.factoryBrowser.Chrome.Create() in /home/runner/work/todoly_tests/todoly_tests/TestProject1/src/code/factoryBrowser/Chrome.cs:line 17\n   at TestProject1.src.code.session.Session..ctor() in /home/runner/work/todoly_tests/todoly_tests/TestProject1/src/code/session/Session.cs:line 19\n   at TestProject1.src.code.session.Session.Instance() in /home/runner/work/todoly_tests/todoly_tests/TestProject1/src/code/session/Session.cs:line 27\n   at TestProject1.src.Hooks.Hooks.AfterScenario() in /home/runner/work/todoly_tests/todoly_tests/TestProject1/src/Hooks/Hooks.cs:line 40\n   at TechTalk.SpecFlow.Bindings.BindingInvoker.InvokeBinding(IBinding binding, IContextManager contextManager, Object[] arguments, ITestTracer testTracer, TimeSpan& duration)\n   at Allure.SpecFlowPlugin.AllureBindingInvoker.InvokeBinding(IBinding binding, IContextManager contextManager, Object[] arguments, ITestTracer testTracer, TimeSpan& duration)","flaky":false,"newFailed":false,"newBroken":false,"newPassed":false,"retriesCount":2,"retriesStatusChange":true,"beforeStages":[{"name":"FirstBeforeScenario [1]","time":{"start":1686360512060,"stop":1686360512061,"duration":1},"status":"broken","steps":[],"attachments":[],"parameters":[],"stepsCount":0,"attachmentsCount":0,"shouldDisplayMessage":false,"hasContent":false}],"testStage":{"status":"broken","statusMessage":"Unable to locate driver with path: usr/bin/chromedriver, for more information on how to install drivers see https://www.selenium.dev/documentation/webdriver/getting_started/install_drivers/ -> No process is associated with this object.","statusTrace":"OpenQA.Selenium.WebDriverException: Unable to locate driver with path: usr/bin/chromedriver, for more information on how to install drivers see https://www.selenium.dev/documentation/webdriver/getting_started/install_drivers/\n ---> System.InvalidOperationException: No process is associated with this object.\n   at System.Diagnostics.Process.EnsureState(State state)\n   at System.Diagnostics.Process.get_HasExited()\n   at System.Diagnostics.Process.EnsureState(State state)\n   at System.Diagnostics.Process.get_ExitCode()\n   at OpenQA.Selenium.SeleniumManager.RunCommand(String fileName, String arguments)\n   at OpenQA.Selenium.SeleniumManager.DriverPath(DriverOptions options)\n   at OpenQA.Selenium.DriverFinder.VerifyDriverServicePath(DriverService service, DriverOptions options)\n   --- End of inner exception stack trace ---\n   at OpenQA.Selenium.DriverFinder.VerifyDriverServicePath(DriverService service, DriverOptions options)\n   at OpenQA.Selenium.Chromium.ChromiumDriver..ctor(ChromiumDriverService service, ChromiumOptions options, TimeSpan commandTimeout)\n   at OpenQA.Selenium.Chrome.ChromeDriver..ctor(ChromeDriverService service, ChromeOptions options, TimeSpan commandTimeout)\n   at OpenQA.Selenium.Chrome.ChromeDriver..ctor(String chromeDriverDirectory, ChromeOptions options, TimeSpan commandTimeout)\n   at OpenQA.Selenium.Chrome.ChromeDriver..ctor(String chromeDriverDirectory, ChromeOptions options)\n   at OpenQA.Selenium.Chrome.ChromeDriver..ctor(String chromeDriverDirectory)\n   at TestProject1.src.code.factoryBrowser.Chrome.Create() in /home/runner/work/todoly_tests/todoly_tests/TestProject1/src/code/factoryBrowser/Chrome.cs:line 17\n   at TestProject1.src.code.session.Session..ctor() in /home/runner/work/todoly_tests/todoly_tests/TestProject1/src/code/session/Session.cs:line 19\n   at TestProject1.src.code.session.Session.Instance() in /home/runner/work/todoly_tests/todoly_tests/TestProject1/src/code/session/Session.cs:line 27\n   at TestProject1.src.Hooks.Hooks.AfterScenario() in /home/runner/work/todoly_tests/todoly_tests/TestProject1/src/Hooks/Hooks.cs:line 40\n   at TechTalk.SpecFlow.Bindings.BindingInvoker.InvokeBinding(IBinding binding, IContextManager contextManager, Object[] arguments, ITestTracer testTracer, TimeSpan& duration)\n   at Allure.SpecFlowPlugin.AllureBindingInvoker.InvokeBinding(IBinding binding, IContextManager contextManager, Object[] arguments, ITestTracer testTracer, TimeSpan& duration)","steps":[{"name":"Given  I navigate to the page \"todo.ly\"","time":{"start":1686360512061,"stop":1686360512061,"duration":0},"status":"skipped","steps":[],"attachments":[],"parameters":[],"stepsCount":0,"attachmentsCount":0,"shouldDisplayMessage":false,"hasContent":false},{"name":"And  I login using my credentials","time":{"start":1686360512061,"stop":1686360512061,"duration":0},"status":"skipped","steps":[],"attachments":[],"parameters":[],"stepsCount":0,"attachmentsCount":0,"shouldDisplayMessage":false,"hasContent":false},{"name":"When  I click on \"My project edited\" project","time":{"start":1686360512061,"stop":1686360512061,"duration":0},"status":"skipped","steps":[],"attachments":[],"parameters":[],"stepsCount":0,"attachmentsCount":0,"shouldDisplayMessage":false,"hasContent":false},{"name":"And  I enter the name \"new task\" in task list","time":{"start":1686360512061,"stop":1686360512061,"duration":0},"status":"skipped","steps":[],"attachments":[],"parameters":[],"stepsCount":0,"attachmentsCount":0,"shouldDisplayMessage":false,"hasContent":false},{"name":"And  I click on \"Add\" task button","time":{"start":1686360512061,"stop":1686360512061,"duration":0},"status":"skipped","steps":[],"attachments":[],"parameters":[],"stepsCount":0,"attachmentsCount":0,"shouldDisplayMessage":false,"hasContent":false},{"name":"And  I click on the task \"new task\"","time":{"start":1686360512061,"stop":1686360512061,"duration":0},"status":"skipped","steps":[],"attachments":[],"parameters":[],"stepsCount":0,"attachmentsCount":0,"shouldDisplayMessage":false,"hasContent":false},{"name":"And  I click on Option menu of \"new task\"","time":{"start":1686360512061,"stop":1686360512061,"duration":0},"status":"skipped","steps":[],"attachments":[],"parameters":[],"stepsCount":0,"attachmentsCount":0,"shouldDisplayMessage":false,"hasContent":false},{"name":"And  I click on Delete button","time":{"start":1686360512061,"stop":1686360512061,"duration":0},"status":"skipped","steps":[],"attachments":[],"parameters":[],"stepsCount":0,"attachmentsCount":0,"shouldDisplayMessage":false,"hasContent":false},{"name":"Then  I see the info message is displayed","time":{"start":1686360512061,"stop":1686360512061,"duration":0},"status":"skipped","steps":[],"attachments":[],"parameters":[],"stepsCount":0,"attachmentsCount":0,"shouldDisplayMessage":false,"hasContent":false},{"name":"And  I see the \"new task\" is deleted","time":{"start":1686360512061,"stop":1686360512061,"duration":0},"status":"skipped","steps":[],"attachments":[],"parameters":[],"stepsCount":0,"attachmentsCount":0,"shouldDisplayMessage":false,"hasContent":false}],"attachments":[],"parameters":[],"stepsCount":10,"attachmentsCount":0,"shouldDisplayMessage":true,"hasContent":true},"afterStages":[{"name":"AfterScenario [10000]","time":{"start":1686360512062,"stop":1686360512062,"duration":0},"status":"broken","steps":[],"attachments":[],"parameters":[],"stepsCount":0,"attachmentsCount":0,"shouldDisplayMessage":false,"hasContent":false}],"labels":[{"name":"thread","value":"NonParallelWorker"},{"name":"host","value":"fv-az162-501"},{"name":"feature","value":"Task feature"},{"name":"tag","value":"task"},{"name":"tag","value":"positive"},{"name":"tag","value":"regression"},{"name":"resultFormat","value":"allure2"}],"parameters":[],"links":[],"hidden":false,"retry":false,"extra":{"severity":"normal","retries":[{"uid":"cea2adee40d7ee93","status":"passed","time":{"start":1686356657829,"stop":1686356671622,"duration":13793}},{"uid":"f42612f13499170","status":"passed","time":{"start":1686277715728,"stop":1686277729856,"duration":14128}}],"categories":[{"name":"Test defects","matchedStatuses":[],"flaky":false}],"tags":["task","regression","positive"]},"source":"56ff09a993a2017a.json","parameterValues":[]}