{"uid":"a719fee7262d87","name":"Delete a task from a project","fullName":"Delete a task from a project","historyId":"Delete a task from a project","time":{"start":1686347889115,"stop":1686347889126,"duration":11},"status":"broken","statusMessage":"unknown error: Chrome failed to start: exited abnormally.\n  (chrome not reachable)\n  (The process started from chrome location /snap/chromium/2497/usr/lib/chromium-browser/chrome is no longer running, so ChromeDriver is assuming that Chrome has crashed.)","statusTrace":"OpenQA.Selenium.WebDriverException: unknown error: Chrome failed to start: exited abnormally.\n  (chrome not reachable)\n  (The process started from chrome location /snap/chromium/2497/usr/lib/chromium-browser/chrome is no longer running, so ChromeDriver is assuming that Chrome has crashed.)\n   at OpenQA.Selenium.WebDriver.UnpackAndThrowOnError(Response errorResponse, String commandToExecute)\n   at OpenQA.Selenium.WebDriver.Execute(String driverCommandToExecute, Dictionary`2 parameters)\n   at OpenQA.Selenium.WebDriver.StartSession(ICapabilities desiredCapabilities)\n   at OpenQA.Selenium.WebDriver..ctor(ICommandExecutor executor, ICapabilities capabilities)\n   at OpenQA.Selenium.Chromium.ChromiumDriver..ctor(ChromiumDriverService service, ChromiumOptions options, TimeSpan commandTimeout)\n   at OpenQA.Selenium.Chrome.ChromeDriver..ctor(ChromeDriverService service, ChromeOptions options, TimeSpan commandTimeout)\n   at OpenQA.Selenium.Chrome.ChromeDriver..ctor(String chromeDriverDirectory, ChromeOptions options, TimeSpan commandTimeout)\n   at OpenQA.Selenium.Chrome.ChromeDriver..ctor(String chromeDriverDirectory, ChromeOptions options)\n   at TestProject1.src.code.factoryBrowser.Chrome.Create() in /home/runner/work/todoly_tests/todoly_tests/TestProject1/src/code/factoryBrowser/Chrome.cs:line 19\n   at TestProject1.src.code.session.Session..ctor() in /home/runner/work/todoly_tests/todoly_tests/TestProject1/src/code/session/Session.cs:line 19\n   at TestProject1.src.code.session.Session.Instance() in /home/runner/work/todoly_tests/todoly_tests/TestProject1/src/code/session/Session.cs:line 27\n   at TestProject1.src.Hooks.Hooks.AfterScenario() in /home/runner/work/todoly_tests/todoly_tests/TestProject1/src/Hooks/Hooks.cs:line 40\n   at TechTalk.SpecFlow.Bindings.BindingInvoker.InvokeBinding(IBinding binding, IContextManager contextManager, Object[] arguments, ITestTracer testTracer, TimeSpan& duration)\n   at Allure.SpecFlowPlugin.AllureBindingInvoker.InvokeBinding(IBinding binding, IContextManager contextManager, Object[] arguments, ITestTracer testTracer, TimeSpan& duration)","flaky":false,"newFailed":false,"newBroken":false,"newPassed":false,"retriesCount":1,"retriesStatusChange":true,"beforeStages":[{"name":"FirstBeforeScenario [1]","time":{"start":1686347887909,"stop":1686347889115,"duration":1206},"status":"broken","steps":[],"attachments":[],"parameters":[],"shouldDisplayMessage":false,"hasContent":false,"stepsCount":0,"attachmentsCount":0}],"testStage":{"status":"broken","statusMessage":"unknown error: Chrome failed to start: exited abnormally.\n  (chrome not reachable)\n  (The process started from chrome location /snap/chromium/2497/usr/lib/chromium-browser/chrome is no longer running, so ChromeDriver is assuming that Chrome has crashed.)","statusTrace":"OpenQA.Selenium.WebDriverException: unknown error: Chrome failed to start: exited abnormally.\n  (chrome not reachable)\n  (The process started from chrome location /snap/chromium/2497/usr/lib/chromium-browser/chrome is no longer running, so ChromeDriver is assuming that Chrome has crashed.)\n   at OpenQA.Selenium.WebDriver.UnpackAndThrowOnError(Response errorResponse, String commandToExecute)\n   at OpenQA.Selenium.WebDriver.Execute(String driverCommandToExecute, Dictionary`2 parameters)\n   at OpenQA.Selenium.WebDriver.StartSession(ICapabilities desiredCapabilities)\n   at OpenQA.Selenium.WebDriver..ctor(ICommandExecutor executor, ICapabilities capabilities)\n   at OpenQA.Selenium.Chromium.ChromiumDriver..ctor(ChromiumDriverService service, ChromiumOptions options, TimeSpan commandTimeout)\n   at OpenQA.Selenium.Chrome.ChromeDriver..ctor(ChromeDriverService service, ChromeOptions options, TimeSpan commandTimeout)\n   at OpenQA.Selenium.Chrome.ChromeDriver..ctor(String chromeDriverDirectory, ChromeOptions options, TimeSpan commandTimeout)\n   at OpenQA.Selenium.Chrome.ChromeDriver..ctor(String chromeDriverDirectory, ChromeOptions options)\n   at TestProject1.src.code.factoryBrowser.Chrome.Create() in /home/runner/work/todoly_tests/todoly_tests/TestProject1/src/code/factoryBrowser/Chrome.cs:line 19\n   at TestProject1.src.code.session.Session..ctor() in /home/runner/work/todoly_tests/todoly_tests/TestProject1/src/code/session/Session.cs:line 19\n   at TestProject1.src.code.session.Session.Instance() in /home/runner/work/todoly_tests/todoly_tests/TestProject1/src/code/session/Session.cs:line 27\n   at TestProject1.src.Hooks.Hooks.AfterScenario() in /home/runner/work/todoly_tests/todoly_tests/TestProject1/src/Hooks/Hooks.cs:line 40\n   at TechTalk.SpecFlow.Bindings.BindingInvoker.InvokeBinding(IBinding binding, IContextManager contextManager, Object[] arguments, ITestTracer testTracer, TimeSpan& duration)\n   at Allure.SpecFlowPlugin.AllureBindingInvoker.InvokeBinding(IBinding binding, IContextManager contextManager, Object[] arguments, ITestTracer testTracer, TimeSpan& duration)","steps":[{"name":"Given  I navigate to the page \"todo.ly\"","time":{"start":1686347889115,"stop":1686347889115,"duration":0},"status":"skipped","steps":[],"attachments":[],"parameters":[],"shouldDisplayMessage":false,"hasContent":false,"stepsCount":0,"attachmentsCount":0},{"name":"And  I login using my credentials","time":{"start":1686347889115,"stop":1686347889115,"duration":0},"status":"skipped","steps":[],"attachments":[],"parameters":[],"shouldDisplayMessage":false,"hasContent":false,"stepsCount":0,"attachmentsCount":0},{"name":"When  I click on \"My project edited\" project","time":{"start":1686347889115,"stop":1686347889115,"duration":0},"status":"skipped","steps":[],"attachments":[],"parameters":[],"shouldDisplayMessage":false,"hasContent":false,"stepsCount":0,"attachmentsCount":0},{"name":"And  I enter the name \"new task\" in task list","time":{"start":1686347889115,"stop":1686347889115,"duration":0},"status":"skipped","steps":[],"attachments":[],"parameters":[],"shouldDisplayMessage":false,"hasContent":false,"stepsCount":0,"attachmentsCount":0},{"name":"And  I click on \"Add\" task button","time":{"start":1686347889115,"stop":1686347889115,"duration":0},"status":"skipped","steps":[],"attachments":[],"parameters":[],"shouldDisplayMessage":false,"hasContent":false,"stepsCount":0,"attachmentsCount":0},{"name":"And  I click on the task \"new task\"","time":{"start":1686347889115,"stop":1686347889125,"duration":10},"status":"skipped","steps":[],"attachments":[],"parameters":[],"shouldDisplayMessage":false,"hasContent":false,"stepsCount":0,"attachmentsCount":0},{"name":"And  I click on Option menu of \"new task\"","time":{"start":1686347889125,"stop":1686347889125,"duration":0},"status":"skipped","steps":[],"attachments":[],"parameters":[],"shouldDisplayMessage":false,"hasContent":false,"stepsCount":0,"attachmentsCount":0},{"name":"And  I click on Delete button","time":{"start":1686347889125,"stop":1686347889125,"duration":0},"status":"skipped","steps":[],"attachments":[],"parameters":[],"shouldDisplayMessage":false,"hasContent":false,"stepsCount":0,"attachmentsCount":0},{"name":"Then  I see the info message is displayed","time":{"start":1686347889125,"stop":1686347889125,"duration":0},"status":"skipped","steps":[],"attachments":[],"parameters":[],"shouldDisplayMessage":false,"hasContent":false,"stepsCount":0,"attachmentsCount":0},{"name":"And  I see the \"new task\" is deleted","time":{"start":1686347889125,"stop":1686347889125,"duration":0},"status":"skipped","steps":[],"attachments":[],"parameters":[],"shouldDisplayMessage":false,"hasContent":false,"stepsCount":0,"attachmentsCount":0}],"attachments":[],"parameters":[],"shouldDisplayMessage":true,"hasContent":true,"stepsCount":10,"attachmentsCount":0},"afterStages":[{"name":"AfterScenario [10000]","time":{"start":1686347889126,"stop":1686347890284,"duration":1158},"status":"broken","steps":[],"attachments":[],"parameters":[],"shouldDisplayMessage":false,"hasContent":false,"stepsCount":0,"attachmentsCount":0}],"labels":[{"name":"thread","value":"NonParallelWorker"},{"name":"host","value":"fv-az210-601"},{"name":"feature","value":"Task feature"},{"name":"tag","value":"task"},{"name":"tag","value":"positive"},{"name":"tag","value":"regression"},{"name":"resultFormat","value":"allure2"}],"parameters":[],"links":[],"hidden":false,"retry":false,"extra":{"severity":"normal","retries":[{"uid":"a31db5a35b1f8383","status":"passed","time":{"start":1686277715728,"stop":1686277729856,"duration":14128}}],"categories":[{"name":"Test defects","matchedStatuses":[],"flaky":false}],"tags":["task","regression","positive"]},"source":"a719fee7262d87.json","parameterValues":[]}